<?xml version="1.0" encoding="UTF-8"?>
<testng-results ignored="0" total="1" passed="1" failed="0" skipped="0">
  <reporter-output>
  </reporter-output>
  <suite started-at="2023-03-11T11:33:53 IST" name="Default suite" finished-at="2023-03-11T11:34:03 IST" duration-ms="9702">
    <groups>
    </groups>
    <test started-at="2023-03-11T11:33:53 IST" name="Default test" finished-at="2023-03-11T11:34:03 IST" duration-ms="9702">
      <class name="npn_Selenium_explore_apis.TestWindows">
        <test-method signature="testWindows()[pri:0, instance:npn_Selenium_explore_apis.TestWindows@67d48005]" started-at="2023-03-11T11:33:53 IST" name="testWindows" finished-at="2023-03-11T11:34:03 IST" duration-ms="9666" status="PASS">
          <reporter-output>
          </reporter-output>
        </test-method> <!-- testWindows -->
      </class> <!-- npn_Selenium_explore_apis.TestWindows -->
    </test> <!-- Default test -->
  </suite> <!-- Default suite -->
</testng-results>
