<?xml version="1.0" encoding="UTF-8"?>
<testng-results ignored="0" total="1" passed="1" failed="0" skipped="0">
  <reporter-output>
  </reporter-output>
  <suite started-at="2023-03-29T14:38:16 IST" name="Default suite" finished-at="2023-03-29T14:38:23 IST" duration-ms="7658">
    <groups>
    </groups>
    <test started-at="2023-03-29T14:38:16 IST" name="Default test" finished-at="2023-03-29T14:38:23 IST" duration-ms="7658">
      <class name="Advanced_Interactions.KeyboardEventsExample">
        <test-method signature="keyboardEventsTest()[pri:0, instance:Advanced_Interactions.KeyboardEventsExample@6b927fb]" started-at="2023-03-29T14:38:16 IST" name="keyboardEventsTest" finished-at="2023-03-29T14:38:23 IST" duration-ms="7597" status="PASS">
          <reporter-output>
          </reporter-output>
        </test-method> <!-- keyboardEventsTest -->
      </class> <!-- Advanced_Interactions.KeyboardEventsExample -->
    </test> <!-- Default test -->
  </suite> <!-- Default suite -->
</testng-results>
