<?xml version="1.0" encoding="UTF-8"?>
<!-- Generated by org.testng.reporters.JUnitXMLReporter -->
<testsuite ignored="0" hostname="DESKTOP-E01NGK9" failures="1" tests="3" name="MyTest" time="0.065" errors="0" timestamp="2023-04-15T23:54:51 IST">
  <testcase classname="TestOne" name="testTempExample" time="0.017">
    <failure type="java.lang.AssertionError" message="expected [true] but found [false]">
      <![CDATA[java.lang.AssertionError: expected [true] but found [false]
at TestOne.testTempExample(TestOne.java:16)
at java.base/java.util.ArrayList.forEach(ArrayList.java:1511)
... Removed 29 stack frames]]>
    </failure>
  </testcase> <!-- testTempExample -->
  <testcase classname="TestOne" name="testOneExample" time="0.0">
    <skipped/>
  </testcase> <!-- testOneExample -->
  <testcase classname="TestTwo" name="testTwoExample" time="0.001"/>
</testsuite> <!-- MyTest -->
