<?xml version="1.0" encoding="UTF-8"?>
<testng-results ignored="0" total="1" passed="1" failed="0" skipped="0">
  <reporter-output>
  </reporter-output>
  <suite started-at="2023-04-14T22:57:59 IST" name="Default suite" finished-at="2023-04-14T22:58:07 IST" duration-ms="7773">
    <groups>
    </groups>
    <test started-at="2023-04-14T22:57:59 IST" name="Default test" finished-at="2023-04-14T22:58:07 IST" duration-ms="7773">
      <class name="WindowsExample">
        <test-method signature="testWindowHandles()[pri:0, instance:WindowsExample@59309333]" started-at="2023-04-14T22:57:59 IST" name="testWindowHandles" finished-at="2023-04-14T22:58:07 IST" duration-ms="7738" status="PASS">
          <reporter-output>
          </reporter-output>
        </test-method> <!-- testWindowHandles -->
      </class> <!-- WindowsExample -->
    </test> <!-- Default test -->
  </suite> <!-- Default suite -->
</testng-results>
