<?xml version="1.0" encoding="UTF-8"?>
<!-- Generated by org.testng.reporters.JUnitXMLReporter -->
<testsuite ignored="0" hostname="DESKTOP-E01NGK9" failures="1" tests="5" name="MyTest" time="0.071" errors="0" timestamp="2023-04-01T13:22:55 IST">
  <testcase classname="TestOne" name="testTempExample" time="0.015">
    <failure type="java.lang.AssertionError" message="expected [true] but found [false]">
      <![CDATA[java.lang.AssertionError: expected [true] but found [false]
at TestOne.testTempExample(TestOne.java:21)
at java.base/java.util.ArrayList.forEach(ArrayList.java:1511)
... Removed 29 stack frames]]>
    </failure>
  </testcase> <!-- testTempExample -->
  <testcase classname="TestOne" name="TestOneExample" time="0.002"/>
  <testcase classname="TestDataProvider" name="testDataProvider" time="0.001"/>
  <testcase classname="TestDataProvider" name="testDataProvider" time="0.001"/>
  <testcase classname="TestDataProvider" name="testDataProvider" time="0.001"/>
</testsuite> <!-- MyTest -->
