<?xml version="1.0" encoding="UTF-8"?>
<!-- Generated by org.testng.reporters.JUnitXMLReporter -->
<testsuite ignored="0" hostname="DESKTOP-E01NGK9" failures="0" tests="3" name="MyTest5" time="0.048" errors="0" timestamp="2023-04-18T22:19:07 IST">
  <testcase classname="TestDataProvider" name="dataProvider" time="0.009"/>
  <testcase classname="TestDataProvider" name="dataProvider" time="0.001"/>
  <testcase classname="TestDataProvider" name="dataProvider" time="0.001"/>
</testsuite> <!-- MyTest5 -->
