<?xml version="1.0" encoding="UTF-8"?>
<testng-results skipped="0" failed="0" ignored="0" total="2" passed="2">
  <reporter-output>
  </reporter-output>
  <suite name="Default suite" duration-ms="232" started-at="2018-10-06T08:04:33Z" finished-at="2018-10-06T08:04:33Z">
    <groups>
      <group name="cucumber">
        <method signature="AbstractTestNGCucumberTests.runScenario(cucumber.api.testng.PickleEventWrapper, cucumber.api.testng.CucumberFeatureWrapper)[pri:0, instance:myRunner.FirstTestRunner@4dfa3a9d]" name="runScenario" class="cucumber.api.testng.AbstractTestNGCucumberTests"/>
      </group> <!-- cucumber -->
    </groups>
    <test name="Default test" duration-ms="232" started-at="2018-10-06T08:04:33Z" finished-at="2018-10-06T08:04:33Z">
      <class name="myRunner.FirstTestRunner">
        <test-method status="PASS" signature="setUpClass()[pri:0, instance:myRunner.FirstTestRunner@4dfa3a9d]" name="setUpClass" is-config="true" duration-ms="83" started-at="2018-10-06T08:04:33Z" finished-at="2018-10-06T08:04:33Z">
          <reporter-output>
          </reporter-output>
        </test-method> <!-- setUpClass -->
        <test-method status="PASS" signature="runScenario(cucumber.api.testng.PickleEventWrapper, cucumber.api.testng.CucumberFeatureWrapper)[pri:0, instance:myRunner.FirstTestRunner@4dfa3a9d]" name="runScenario" duration-ms="93" started-at="2018-10-06T08:04:33Z" description="Runs Cucumber Scenarios" data-provider="scenarios" finished-at="2018-10-06T08:04:33Z">
          <params>
            <param index="0">
              <value>
                <![CDATA["Title of your scenario outline"]]>
              </value>
            </param>
            <param index="1">
              <value>
                <![CDATA["Title of your feature"]]>
              </value>
            </param>
          </params>
          <reporter-output>
          </reporter-output>
        </test-method> <!-- runScenario -->
        <test-method status="PASS" signature="runScenario(cucumber.api.testng.PickleEventWrapper, cucumber.api.testng.CucumberFeatureWrapper)[pri:0, instance:myRunner.FirstTestRunner@4dfa3a9d]" name="runScenario" duration-ms="2" started-at="2018-10-06T08:04:33Z" description="Runs Cucumber Scenarios" data-provider="scenarios" finished-at="2018-10-06T08:04:33Z">
          <params>
            <param index="0">
              <value>
                <![CDATA["Title of your scenario outline"]]>
              </value>
            </param>
            <param index="1">
              <value>
                <![CDATA["Title of your feature"]]>
              </value>
            </param>
          </params>
          <reporter-output>
          </reporter-output>
        </test-method> <!-- runScenario -->
        <test-method status="PASS" signature="tearDownClass()[pri:0, instance:myRunner.FirstTestRunner@4dfa3a9d]" name="tearDownClass" is-config="true" duration-ms="12" started-at="2018-10-06T08:04:33Z" finished-at="2018-10-06T08:04:33Z">
          <reporter-output>
          </reporter-output>
        </test-method> <!-- tearDownClass -->
      </class> <!-- myRunner.FirstTestRunner -->
    </test> <!-- Default test -->
  </suite> <!-- Default suite -->
</testng-results>
