<?xml version="1.0" encoding="UTF-8"?>
<testng-results ignored="0" total="1" passed="1" failed="0" skipped="0">
  <reporter-output>
  </reporter-output>
  <suite started-at="2023-01-11T12:03:57 IST" name="Default suite" finished-at="2023-01-11T12:04:04 IST" duration-ms="6764">
    <groups>
    </groups>
    <test started-at="2023-01-11T12:03:57 IST" name="Default test" finished-at="2023-01-11T12:04:04 IST" duration-ms="6764">
      <class name="practice.Practiceassignment">
        <test-method signature="testFacebook()[pri:0, instance:practice.Practiceassignment@4a94ee4]" started-at="2023-01-11T12:03:57 IST" name="testFacebook" finished-at="2023-01-11T12:04:04 IST" duration-ms="6731" status="PASS">
          <reporter-output>
          </reporter-output>
        </test-method> <!-- testFacebook -->
      </class> <!-- practice.Practiceassignment -->
    </test> <!-- Default test -->
  </suite> <!-- Default suite -->
</testng-results>
