<?xml version="1.0" encoding="UTF-8"?>
<testng-results ignored="0" total="1" passed="1" failed="0" skipped="0">
  <reporter-output>
  </reporter-output>
  <suite started-at="2023-02-19T14:06:05 IST" name="Default suite" finished-at="2023-02-19T14:06:14 IST" duration-ms="8718">
    <groups>
    </groups>
    <test started-at="2023-02-19T14:06:05 IST" name="Default test" finished-at="2023-02-19T14:06:14 IST" duration-ms="8718">
      <class name="npn_Selenium_Synchronization.TestFluentWait">
        <test-method is-config="true" signature="setUp()[pri:0, instance:npn_Selenium_Synchronization.TestFluentWait@6adbc9d]" started-at="2023-02-19T14:06:05 IST" name="setUp" finished-at="2023-02-19T14:06:07 IST" duration-ms="1848" status="PASS">
          <reporter-output>
          </reporter-output>
        </test-method> <!-- setUp -->
        <test-method signature="FluentWaitExampleTwo()[pri:0, instance:npn_Selenium_Synchronization.TestFluentWait@6adbc9d]" started-at="2023-02-19T14:06:07 IST" name="FluentWaitExampleTwo" finished-at="2023-02-19T14:06:13 IST" duration-ms="6539" status="PASS">
          <reporter-output>
          </reporter-output>
        </test-method> <!-- FluentWaitExampleTwo -->
        <test-method is-config="true" signature="tearDown()[pri:0, instance:npn_Selenium_Synchronization.TestFluentWait@6adbc9d]" started-at="2023-02-19T14:06:13 IST" name="tearDown" finished-at="2023-02-19T14:06:14 IST" duration-ms="282" status="PASS">
          <reporter-output>
          </reporter-output>
        </test-method> <!-- tearDown -->
      </class> <!-- npn_Selenium_Synchronization.TestFluentWait -->
    </test> <!-- Default test -->
  </suite> <!-- Default suite -->
</testng-results>
