<?xml version="1.0" encoding="UTF-8"?>
<testng-results ignored="0" total="1" passed="1" failed="0" skipped="0">
  <reporter-output>
  </reporter-output>
  <suite started-at="2023-03-31T21:16:54 IST" name="Default suite" finished-at="2023-03-31T21:17:02 IST" duration-ms="7499">
    <groups>
    </groups>
    <test started-at="2023-03-31T21:16:54 IST" name="Default test" finished-at="2023-03-31T21:17:02 IST" duration-ms="7499">
      <class name="FluentWaitExample">
        <test-method is-config="true" signature="setUp()[pri:0, instance:FluentWaitExample@4ec4f3a0]" started-at="2023-03-31T21:16:54 IST" name="setUp" finished-at="2023-03-31T21:16:56 IST" duration-ms="1764" status="PASS">
          <reporter-output>
          </reporter-output>
        </test-method> <!-- setUp -->
        <test-method signature="fluentWaitTestTwo()[pri:0, instance:FluentWaitExample@4ec4f3a0]" started-at="2023-03-31T21:16:56 IST" name="fluentWaitTestTwo" finished-at="2023-03-31T21:17:02 IST" duration-ms="5475" status="PASS">
          <reporter-output>
          </reporter-output>
        </test-method> <!-- fluentWaitTestTwo -->
        <test-method is-config="true" signature="tearDown()[pri:0, instance:FluentWaitExample@4ec4f3a0]" started-at="2023-03-31T21:17:02 IST" name="tearDown" finished-at="2023-03-31T21:17:02 IST" duration-ms="230" status="PASS">
          <reporter-output>
          </reporter-output>
        </test-method> <!-- tearDown -->
      </class> <!-- FluentWaitExample -->
    </test> <!-- Default test -->
  </suite> <!-- Default suite -->
</testng-results>
