-------------------------------------------------------------------------------
Test set: TestSuite
-------------------------------------------------------------------------------
Tests run: 1, Failures: 1, Errors: 0, Skipped: 0, Time elapsed: 28.994 sec <<< FAILURE! - in TestSuite
ParametersTest(parameterization.BasicParamters)  Time elapsed: 28.526 sec  <<< FAILURE!
com.google.common.base.VerifyException: This test case if failed
	at parameterization.BasicParamters.ParametersTest(BasicParamters.java:22)

