<?xml version="1.0" encoding="UTF-8"?>
<testng-results skipped="0" failed="1" ignored="0" total="1" passed="0">
  <reporter-output>
  </reporter-output>
  <suite name="Suite" duration-ms="28557" started-at="2018-05-18T17:28:15Z" finished-at="2018-05-18T17:28:44Z">
    <groups>
    </groups>
    <test name="Test" duration-ms="28557" started-at="2018-05-18T17:28:15Z" finished-at="2018-05-18T17:28:44Z">
      <class name="parameterization.BasicParamters">
        <test-method status="FAIL" signature="ParametersTest(java.lang.String, java.lang.String)[pri:0, instance:parameterization.BasicParamters@4411d970]" name="ParametersTest" duration-ms="28472" started-at="2018-05-18T17:28:15Z" finished-at="2018-05-18T17:28:44Z">
          <params>
            <param index="0">
              <value>
                <![CDATA[webdriver.gecko.driver]]>
              </value>
            </param>
            <param index="1">
              <value>
                <![CDATA[D:\\NPN\\NPN Training - Selenium Architect Training\\drivers\\geckodriver.exe]]>
              </value>
            </param>
          </params>
          <exception class="com.google.common.base.VerifyException">
            <message>
              <![CDATA[This test case if failed]]>
            </message>
            <full-stacktrace>
              <![CDATA[com.google.common.base.VerifyException: This test case if failed
at com.google.common.base.Verify.verify(Verify.java:123)
at parameterization.BasicParamters.ParametersTest(BasicParamters.java:22)
at sun.reflect.NativeMethodAccessorImpl.invoke0(Native Method)
at sun.reflect.NativeMethodAccessorImpl.invoke(NativeMethodAccessorImpl.java:62)
at sun.reflect.DelegatingMethodAccessorImpl.invoke(DelegatingMethodAccessorImpl.java:43)
at java.lang.reflect.Method.invoke(Method.java:498)
at org.testng.internal.MethodInvocationHelper.invokeMethod(MethodInvocationHelper.java:124)
at org.testng.internal.Invoker.invokeMethod(Invoker.java:580)
at org.testng.internal.Invoker.invokeTestMethod(Invoker.java:716)
at org.testng.internal.Invoker.invokeTestMethods(Invoker.java:988)
at org.testng.internal.TestMethodWorker.invokeTestMethods(TestMethodWorker.java:125)
at org.testng.internal.TestMethodWorker.run(TestMethodWorker.java:109)
at org.testng.TestRunner.privateRun(TestRunner.java:648)
at org.testng.TestRunner.run(TestRunner.java:505)
at org.testng.SuiteRunner.runTest(SuiteRunner.java:455)
at org.testng.SuiteRunner.runSequentially(SuiteRunner.java:450)
at org.testng.SuiteRunner.privateRun(SuiteRunner.java:415)
at org.testng.SuiteRunner.run(SuiteRunner.java:364)
at org.testng.SuiteRunnerWorker.runSuite(SuiteRunnerWorker.java:52)
at org.testng.SuiteRunnerWorker.run(SuiteRunnerWorker.java:84)
at org.testng.TestNG.runSuitesSequentially(TestNG.java:1208)
at org.testng.TestNG.runSuitesLocally(TestNG.java:1137)
at org.testng.TestNG.runSuites(TestNG.java:1049)
at org.testng.TestNG.run(TestNG.java:1017)
at org.apache.maven.surefire.testng.TestNGExecutor.run(TestNGExecutor.java:281)
at org.apache.maven.surefire.testng.TestNGXmlTestSuite.execute(TestNGXmlTestSuite.java:75)
at org.apache.maven.surefire.testng.TestNGProvider.invoke(TestNGProvider.java:121)
at org.apache.maven.surefire.booter.ForkedBooter.invokeProviderInSameClassLoader(ForkedBooter.java:290)
at org.apache.maven.surefire.booter.ForkedBooter.runSuitesInProcess(ForkedBooter.java:242)
at org.apache.maven.surefire.booter.ForkedBooter.main(ForkedBooter.java:121)
]]>
            </full-stacktrace>
          </exception> <!-- com.google.common.base.VerifyException -->
          <reporter-output>
          </reporter-output>
        </test-method> <!-- ParametersTest -->
      </class> <!-- parameterization.BasicParamters -->
    </test> <!-- Test -->
  </suite> <!-- Suite -->
</testng-results>
