<?xml version="1.0" encoding="UTF-8"?>
<testsuite xmlns:xsi="http://www.w3.org/2001/XMLSchema-instance" xsi:schemaLocation="https://maven.apache.org/surefire/maven-surefire-plugin/xsd/surefire-test-report.xsd" name="TestSuite" time="28.994" tests="1" errors="0" skipped="0" failures="1">
  <properties>
[...]
</properties>
  <testcase name="ParametersTest" classname="parameterization.BasicParamters" time="28.526">
    <failure message="This test case if failed" type="com.google.common.base.VerifyException">com.google.common.base.VerifyException: This test case if failed
	at parameterization.BasicParamters.ParametersTest(BasicParamters.java:22)
</failure>
    <system-err><![CDATA[1526664496492	geckodriver	INFO	geckodriver 0.19.1
1526664496527	geckodriver	INFO	Listening on 127.0.0.1:14968
1526664497376	mozrunner::runner	INFO	Running command: "C:\\Program Files\\Mozilla Firefox\\firefox.exe" "-marionette" "-profile" "C:\\Users\\skuncha\\AppData\\Local\\Temp\\rust_mozprofile.qncS5wxwVH23"
1526664501428	Marionette	INFO	Enabled via --marionette
Unable to read VR Path Registry from C:\Users\skuncha\AppData\Local\openvr\openvrpaths.vrpath
[Parent 9000, Gecko_IOThread] WARNING: pipe error: 109: file z:/build/build/src/ipc/chromium/src/chrome/common/ipc_channel_win.cc, line 346
Unable to read VR Path Registry from C:\Users\skuncha\AppData\Local\openvr\openvrpaths.vrpath
[Child 8416, Chrome_ChildThread] WARNING: pipe error: 109: file z:/build/build/src/ipc/chromium/src/chrome/common/ipc_channel_win.cc, line 346
[Child 8416, Chrome_ChildThread] WARNING: pipe error: 109: file z:/build/build/src/ipc/chromium/src/chrome/common/ipc_channel_win.cc, line 346
1526664515246	Marionette	INFO	Listening on port 61544
1526664515802	Marionette	WARN	TLS certificate errors will be ignored for this session
May 18, 2018 10:58:36 PM org.openqa.selenium.remote.ProtocolHandshake createSession
INFO: Detected dialect: W3C
]]></system-err>
  </testcase>
</testsuite>