<?xml version="1.0" encoding="UTF-8"?>
<!-- Generated by org.testng.reporters.JUnitXMLReporter -->
<testsuite ignored="0" hostname="DESKTOP-E01NGK9" failures="1" tests="3" name="Surefire test" time="14.06" errors="0" timestamp="2023-06-04T11:43:53 IST">
  <testcase classname="tests.LoginTest" name="login" time="1.248"/>
  <testcase classname="tests.LoginTest" name="signOut" time="1.043"/>
  <testcase classname="tests.ManageRoomTest" name="addRooms" time="4.933">
    <failure type="java.lang.AssertionError" message="expected [true] but found [false]">
      <![CDATA[java.lang.AssertionError: expected [true] but found [false]
at tests.ManageRoomTest.addRooms(ManageRoomTest.java:31)
at java.base/java.util.ArrayList.forEach(ArrayList.java:1511)
... Removed 34 stack frames]]>
    </failure>
  </testcase> <!-- addRooms -->
</testsuite> <!-- Surefire test -->
