<?xml version="1.0" encoding="UTF-8"?>
<!-- Generated by org.testng.reporters.JUnitXMLReporter -->
<testsuite hostname="SKUNCHA-E5440" ignored="0" name="Test" tests="1" failures="1" timestamp="18 May 2018 17:28:44 GMT" time="28.557" errors="0">
  <testcase name="ParametersTest" time="28.472" classname="parameterization.BasicParamters">
    <failure type="com.google.common.base.VerifyException" message="This test case if failed">
      <![CDATA[com.google.common.base.VerifyException: This test case if failed
at com.google.common.base.Verify.verify(Verify.java:123)
at parameterization.BasicParamters.ParametersTest(BasicParamters.java:22)
... Removed 28 stack frames]]>
    </failure>
  </testcase> <!-- ParametersTest -->
</testsuite> <!-- Test -->
