<?xml version="1.0" encoding="UTF-8"?>
<testng-results ignored="0" total="1" passed="1" failed="0" skipped="0">
  <reporter-output>
  </reporter-output>
  <suite started-at="2023-08-06T15:03:23 IST" name="Default suite" finished-at="2023-08-06T15:03:26 IST" duration-ms="2505">
    <groups>
    </groups>
    <test started-at="2023-08-06T15:03:23 IST" name="Default test" finished-at="2023-08-06T15:03:26 IST" duration-ms="2505">
      <class name="npn_API_Rest_Assured.get.GoRest_GET">
        <test-method signature="testGoRestGet()[pri:0, instance:npn_API_Rest_Assured.get.GoRest_GET@479d31f3]" started-at="2023-08-06T15:03:23 IST" name="testGoRestGet" finished-at="2023-08-06T15:03:26 IST" duration-ms="2474" status="PASS">
          <reporter-output>
          </reporter-output>
        </test-method> <!-- testGoRestGet -->
      </class> <!-- npn_API_Rest_Assured.get.GoRest_GET -->
    </test> <!-- Default test -->
  </suite> <!-- Default suite -->
</testng-results>
