<?xml version="1.0" encoding="UTF-8"?>
<testng-results ignored="0" total="2" passed="2" failed="0" skipped="0">
  <reporter-output>
  </reporter-output>
  <suite started-at="2023-04-18T22:27:19 IST" name="PaarallelSuite" finished-at="2023-04-18T22:27:26 IST" duration-ms="6918">
    <groups>
    </groups>
    <test started-at="2023-04-18T22:27:19 IST" name="ParallelTest" finished-at="2023-04-18T22:27:26 IST" duration-ms="6918">
      <class name="ParallelTest">
        <test-method signature="testChrome()[pri:0, instance:ParallelTest@4fb0f2b9]" started-at="2023-04-18T22:27:19 IST" name="testChrome" finished-at="2023-04-18T22:27:23 IST" duration-ms="3238" status="PASS">
          <reporter-output>
          </reporter-output>
        </test-method> <!-- testChrome -->
        <test-method signature="testFirefox()[pri:0, instance:ParallelTest@4fb0f2b9]" started-at="2023-04-18T22:27:19 IST" name="testFirefox" finished-at="2023-04-18T22:27:26 IST" duration-ms="6887" status="PASS">
          <reporter-output>
          </reporter-output>
        </test-method> <!-- testFirefox -->
      </class> <!-- ParallelTest -->
    </test> <!-- ParallelTest -->
  </suite> <!-- PaarallelSuite -->
</testng-results>
