<?xml version="1.0" encoding="UTF-8"?>
<testng-results ignored="0" total="1" passed="1" failed="0" skipped="0">
  <reporter-output>
  </reporter-output>
  <suite started-at="2023-02-12T14:16:37 IST" name="Default suite" finished-at="2023-02-12T14:16:40 IST" duration-ms="3013">
    <groups>
    </groups>
    <test started-at="2023-02-12T14:16:37 IST" name="Default test" finished-at="2023-02-12T14:16:40 IST" duration-ms="3013">
      <class name="npn_selenium_advanced_interactions.KeyboardEventsExample">
        <test-method signature="keyboardTest()[pri:0, instance:npn_selenium_advanced_interactions.KeyboardEventsExample@4466af20]" started-at="2023-02-12T14:16:37 IST" name="keyboardTest" finished-at="2023-02-12T14:16:40 IST" duration-ms="2981" status="PASS">
          <reporter-output>
          </reporter-output>
        </test-method> <!-- keyboardTest -->
      </class> <!-- npn_selenium_advanced_interactions.KeyboardEventsExample -->
    </test> <!-- Default test -->
  </suite> <!-- Default suite -->
</testng-results>
