<?xml version="1.0" encoding="UTF-8"?>
<testng-results ignored="0" total="2" passed="2" failed="0" skipped="0">
  <reporter-output>
  </reporter-output>
  <suite started-at="2023-04-01T13:43:32 IST" name="ParallelSuite" finished-at="2023-04-01T13:43:41 IST" duration-ms="8839">
    <groups>
    </groups>
    <test started-at="2023-04-01T13:43:32 IST" name="ParallelTest" finished-at="2023-04-01T13:43:41 IST" duration-ms="8839">
      <class name="ParallelTest">
        <test-method signature="testChrome()[pri:0, instance:ParallelTest@1aa7ecca]" started-at="2023-04-01T13:43:32 IST" name="testChrome" finished-at="2023-04-01T13:43:38 IST" duration-ms="5857" status="PASS">
          <reporter-output>
          </reporter-output>
        </test-method> <!-- testChrome -->
        <test-method signature="testFF()[pri:0, instance:ParallelTest@1aa7ecca]" started-at="2023-04-01T13:43:32 IST" name="testFF" finished-at="2023-04-01T13:43:40 IST" duration-ms="7964" status="PASS">
          <reporter-output>
          </reporter-output>
        </test-method> <!-- testFF -->
        <test-method is-config="true" signature="tearDown()[pri:0, instance:ParallelTest@1aa7ecca]" started-at="2023-04-01T13:43:40 IST" name="tearDown" finished-at="2023-04-01T13:43:41 IST" duration-ms="838" status="PASS">
          <reporter-output>
          </reporter-output>
        </test-method> <!-- tearDown -->
      </class> <!-- ParallelTest -->
    </test> <!-- ParallelTest -->
  </suite> <!-- ParallelSuite -->
</testng-results>
