<?xml version="1.0" encoding="UTF-8"?>
<testng-results ignored="0" total="2" passed="2" failed="0" skipped="0">
  <reporter-output>
  </reporter-output>
  <suite started-at="2023-05-27T10:45:49 IST" name="Default suite" finished-at="2023-05-27T10:45:55 IST" duration-ms="5561">
    <groups>
    </groups>
    <test started-at="2023-05-27T10:45:49 IST" name="Default test" finished-at="2023-05-27T10:45:55 IST" duration-ms="5561">
      <class name="npn_Selenium_Screenshots.TestExtentReports">
        <test-method is-config="true" signature="setup()[pri:0, instance:npn_Selenium_Screenshots.TestExtentReports@34a3d150]" started-at="2023-05-27T10:45:49 IST" name="setup" finished-at="2023-05-27T10:45:52 IST" duration-ms="2306" status="PASS">
          <reporter-output>
          </reporter-output>
        </test-method> <!-- setup -->
        <test-method signature="testExtentOne()[pri:1, instance:npn_Selenium_Screenshots.TestExtentReports@34a3d150]" started-at="2023-05-27T10:45:52 IST" name="testExtentOne" finished-at="2023-05-27T10:45:53 IST" duration-ms="1062" status="PASS">
          <reporter-output>
          </reporter-output>
        </test-method> <!-- testExtentOne -->
        <test-method signature="testExtetTwo()[pri:2, instance:npn_Selenium_Screenshots.TestExtentReports@34a3d150]" started-at="2023-05-27T10:45:53 IST" name="testExtetTwo" finished-at="2023-05-27T10:45:54 IST" duration-ms="1516" status="PASS">
          <reporter-output>
          </reporter-output>
        </test-method> <!-- testExtetTwo -->
        <test-method is-config="true" signature="tearDown()[pri:0, instance:npn_Selenium_Screenshots.TestExtentReports@34a3d150]" started-at="2023-05-27T10:45:54 IST" name="tearDown" finished-at="2023-05-27T10:45:55 IST" duration-ms="606" status="PASS">
          <reporter-output>
          </reporter-output>
        </test-method> <!-- tearDown -->
      </class> <!-- npn_Selenium_Screenshots.TestExtentReports -->
    </test> <!-- Default test -->
  </suite> <!-- Default suite -->
</testng-results>
