<?xml version="1.0" encoding="UTF-8"?>
<testng-results ignored="0" total="0" passed="0" failed="0" skipped="0">
  <reporter-output>
  </reporter-output>
  <suite started-at="2023-05-28T11:26:31 IST" name="SimpleTest" finished-at="2023-05-28T11:26:31 IST" duration-ms="10">
    <groups>
    </groups>
    <test started-at="2023-05-28T11:26:31 IST" name="Command line test" finished-at="2023-05-28T11:26:31 IST" duration-ms="10">
    </test> <!-- Command line test -->
  </suite> <!-- SimpleTest -->
</testng-results>
