<?xml version="1.0" encoding="UTF-8"?>
<testng-results ignored="0" total="3" passed="3" failed="0" skipped="0">
  <reporter-output>
  </reporter-output>
  <suite started-at="2023-04-15T12:18:45 IST" name="Default suite" finished-at="2023-04-15T12:19:19 IST" duration-ms="33670">
    <groups>
    </groups>
    <test started-at="2023-04-15T12:18:45 IST" name="Default test" finished-at="2023-04-15T12:19:19 IST" duration-ms="33670">
      <class name="TestBMI">
        <test-method is-config="true" signature="setUp()[pri:0, instance:TestBMI@4135c3b]" started-at="2023-04-15T12:18:45 IST" name="setUp" finished-at="2023-04-15T12:18:47 IST" duration-ms="2085" status="PASS">
          <reporter-output>
          </reporter-output>
        </test-method> <!-- setUp -->
        <test-method signature="testBMI(java.lang.String,java.lang.String,java.lang.String,java.lang.String)[pri:0, instance:TestBMI@4135c3b]" started-at="2023-04-15T12:18:48 IST" name="testBMI" data-provider="MyDataProvider" finished-at="2023-04-15T12:18:58 IST" duration-ms="10312" status="PASS">
          <params>
            <param index="0">
              <value>
                <![CDATA[178]]>
              </value>
            </param>
            <param index="1">
              <value>
                <![CDATA[78]]>
              </value>
            </param>
            <param index="2">
              <value>
                <![CDATA[25]]>
              </value>
            </param>
            <param index="3">
              <value>
                <![CDATA[That you are healthy]]>
              </value>
            </param>
          </params>
          <reporter-output>
          </reporter-output>
        </test-method> <!-- testBMI -->
        <test-method signature="testBMI(java.lang.String,java.lang.String,java.lang.String,java.lang.String)[pri:0, instance:TestBMI@4135c3b]" started-at="2023-04-15T12:18:58 IST" name="testBMI" data-provider="MyDataProvider" finished-at="2023-04-15T12:19:08 IST" duration-ms="10212" status="PASS">
          <params>
            <param index="0">
              <value>
                <![CDATA[150]]>
              </value>
            </param>
            <param index="1">
              <value>
                <![CDATA[78]]>
              </value>
            </param>
            <param index="2">
              <value>
                <![CDATA[35]]>
              </value>
            </param>
            <param index="3">
              <value>
                <![CDATA[Overweight]]>
              </value>
            </param>
          </params>
          <reporter-output>
          </reporter-output>
        </test-method> <!-- testBMI -->
        <test-method signature="testBMI(java.lang.String,java.lang.String,java.lang.String,java.lang.String)[pri:0, instance:TestBMI@4135c3b]" started-at="2023-04-15T12:19:08 IST" name="testBMI" data-provider="MyDataProvider" finished-at="2023-04-15T12:19:18 IST" duration-ms="10185" status="PASS">
          <params>
            <param index="0">
              <value>
                <![CDATA[150]]>
              </value>
            </param>
            <param index="1">
              <value>
                <![CDATA[35]]>
              </value>
            </param>
            <param index="2">
              <value>
                <![CDATA[16]]>
              </value>
            </param>
            <param index="3">
              <value>
                <![CDATA[Underweight]]>
              </value>
            </param>
          </params>
          <reporter-output>
          </reporter-output>
        </test-method> <!-- testBMI -->
        <test-method is-config="true" signature="tearDown()[pri:0, instance:TestBMI@4135c3b]" started-at="2023-04-15T12:19:18 IST" name="tearDown" finished-at="2023-04-15T12:19:19 IST" duration-ms="331" status="PASS">
          <reporter-output>
          </reporter-output>
        </test-method> <!-- tearDown -->
      </class> <!-- TestBMI -->
    </test> <!-- Default test -->
  </suite> <!-- Default suite -->
</testng-results>
