<?xml version="1.0" encoding="UTF-8"?>
<testng-results ignored="0" total="1" passed="1" failed="0" skipped="0">
  <reporter-output>
  </reporter-output>
  <suite started-at="2023-05-27T22:01:09 IST" name="Default suite" finished-at="2023-05-27T22:01:13 IST" duration-ms="3655">
    <groups>
    </groups>
    <test started-at="2023-05-27T22:01:09 IST" name="Default test" finished-at="2023-05-27T22:01:13 IST" duration-ms="3655">
      <class name="npn_Selenium_SeleniumDeepDive.CDP1">
        <test-method signature="testCDPOne()[pri:0, instance:npn_Selenium_SeleniumDeepDive.CDP1@4a94ee4]" started-at="2023-05-27T22:01:09 IST" name="testCDPOne" finished-at="2023-05-27T22:01:13 IST" duration-ms="3625" status="PASS">
          <reporter-output>
          </reporter-output>
        </test-method> <!-- testCDPOne -->
      </class> <!-- npn_Selenium_SeleniumDeepDive.CDP1 -->
    </test> <!-- Default test -->
  </suite> <!-- Default suite -->
</testng-results>
