<?xml version="1.0" encoding="UTF-8"?>
<!-- Generated by org.testng.reporters.JUnitXMLReporter -->
<testsuite ignored="0" hostname="DESKTOP-E01NGK9" failures="0" tests="3" name="Default test" time="55.019" errors="0" timestamp="2023-04-24T21:20:23 IST">
  <testcase classname="npn_Selenium_Screenshots.DownloadTest" name="testChromeDownload" time="14.516"/>
  <testcase classname="npn_Selenium_Screenshots.DownloadTest" name="testFirefoxDownload" time="25.506"/>
  <testcase classname="npn_Selenium_Screenshots.DownloadTest" name="testEdgeDownload" time="14.958"/>
</testsuite> <!-- Default test -->
