<?xml version="1.0" encoding="UTF-8"?>
<testng-results ignored="0" total="2" passed="2" failed="0" skipped="0">
  <reporter-output>
  </reporter-output>
  <suite started-at="2023-05-27T10:40:48 IST" name="Default suite" finished-at="2023-05-27T10:40:52 IST" duration-ms="4740">
    <groups>
    </groups>
    <test started-at="2023-05-27T10:40:48 IST" name="Default test" finished-at="2023-05-27T10:40:52 IST" duration-ms="4740">
      <class name="TestExtentReport1">
        <test-method is-config="true" signature="setUp()[pri:0, instance:TestExtentReport1@459e9125]" started-at="2023-05-27T10:40:48 IST" name="setUp" finished-at="2023-05-27T10:40:50 IST" duration-ms="2134" status="PASS">
          <reporter-output>
          </reporter-output>
        </test-method> <!-- setUp -->
        <test-method signature="testExtentOne()[pri:1, instance:TestExtentReport1@459e9125]" started-at="2023-05-27T10:40:50 IST" name="testExtentOne" finished-at="2023-05-27T10:40:51 IST" duration-ms="1230" status="PASS">
          <reporter-output>
          </reporter-output>
        </test-method> <!-- testExtentOne -->
        <test-method signature="testExtetTwo()[pri:2, instance:TestExtentReport1@459e9125]" started-at="2023-05-27T10:40:51 IST" name="testExtetTwo" finished-at="2023-05-27T10:40:52 IST" duration-ms="728" status="PASS">
          <reporter-output>
          </reporter-output>
        </test-method> <!-- testExtetTwo -->
        <test-method is-config="true" signature="tearDown()[pri:0, instance:TestExtentReport1@459e9125]" started-at="2023-05-27T10:40:52 IST" name="tearDown" finished-at="2023-05-27T10:40:52 IST" duration-ms="581" status="PASS">
          <reporter-output>
          </reporter-output>
        </test-method> <!-- tearDown -->
      </class> <!-- TestExtentReport1 -->
    </test> <!-- Default test -->
  </suite> <!-- Default suite -->
</testng-results>
