<?xml version="1.0" encoding="UTF-8"?>
<testng-results ignored="0" total="1" passed="1" failed="0" skipped="0">
  <reporter-output>
  </reporter-output>
  <suite started-at="2023-06-03T13:35:49 IST" name="Default suite" finished-at="2023-06-03T13:35:52 IST" duration-ms="2666">
    <groups>
    </groups>
    <test started-at="2023-06-03T13:35:49 IST" name="Default test" finished-at="2023-06-03T13:35:52 IST" duration-ms="2666">
      <class name="npn_Selenium_log4j1.x.LoggingwithDriver">
        <test-method signature="testDriver()[pri:0, instance:npn_Selenium_log4j1.x.LoggingwithDriver@7d8704ef]" started-at="2023-06-03T13:35:49 IST" name="testDriver" finished-at="2023-06-03T13:35:52 IST" duration-ms="2633" status="PASS">
          <reporter-output>
          </reporter-output>
        </test-method> <!-- testDriver -->
      </class> <!-- npn_Selenium_log4j1.x.LoggingwithDriver -->
    </test> <!-- Default test -->
  </suite> <!-- Default suite -->
</testng-results>
