<?xml version="1.0" encoding="UTF-8"?>
<testng-results ignored="0" total="1" passed="1" failed="0" skipped="0">
  <reporter-output>
  </reporter-output>
  <suite started-at="2023-05-21T12:50:54 IST" name="Default suite" finished-at="2023-05-21T12:51:09 IST" duration-ms="14783">
    <groups>
    </groups>
    <test started-at="2023-05-21T12:50:54 IST" name="Default test" finished-at="2023-05-21T12:51:09 IST" duration-ms="14783">
      <class name="npn_Selenium_Grid.SimpleGridTest">
        <test-method signature="testSeleniumGrid()[pri:0, instance:npn_Selenium_Grid.SimpleGridTest@4fb0f2b9]" started-at="2023-05-21T12:50:54 IST" name="testSeleniumGrid" finished-at="2023-05-21T12:51:09 IST" duration-ms="14749" status="PASS">
          <reporter-output>
          </reporter-output>
        </test-method> <!-- testSeleniumGrid -->
      </class> <!-- npn_Selenium_Grid.SimpleGridTest -->
    </test> <!-- Default test -->
  </suite> <!-- Default suite -->
</testng-results>
