<?xml version="1.0" encoding="UTF-8"?>
<testng-results ignored="0" total="3" passed="3" failed="0" skipped="0">
  <reporter-output>
  </reporter-output>
  <suite started-at="2023-04-24T21:19:28 IST" name="Default suite" finished-at="2023-04-24T21:20:23 IST" duration-ms="55019">
    <groups>
    </groups>
    <test started-at="2023-04-24T21:19:28 IST" name="Default test" finished-at="2023-04-24T21:20:23 IST" duration-ms="55019">
      <class name="npn_Selenium_Screenshots.DownloadTest">
        <test-method signature="testChromeDownload()[pri:1, instance:npn_Selenium_Screenshots.DownloadTest@6c64cb25]" started-at="2023-04-24T21:19:28 IST" name="testChromeDownload" finished-at="2023-04-24T21:19:43 IST" duration-ms="14516" status="PASS">
          <reporter-output>
          </reporter-output>
        </test-method> <!-- testChromeDownload -->
        <test-method signature="testFirefoxDownload()[pri:2, instance:npn_Selenium_Screenshots.DownloadTest@6c64cb25]" started-at="2023-04-24T21:19:43 IST" name="testFirefoxDownload" finished-at="2023-04-24T21:20:08 IST" duration-ms="25506" status="PASS">
          <reporter-output>
          </reporter-output>
        </test-method> <!-- testFirefoxDownload -->
        <test-method signature="testEdgeDownload()[pri:3, instance:npn_Selenium_Screenshots.DownloadTest@6c64cb25]" started-at="2023-04-24T21:20:08 IST" name="testEdgeDownload" finished-at="2023-04-24T21:20:23 IST" duration-ms="14958" status="PASS">
          <reporter-output>
          </reporter-output>
        </test-method> <!-- testEdgeDownload -->
      </class> <!-- npn_Selenium_Screenshots.DownloadTest -->
    </test> <!-- Default test -->
  </suite> <!-- Default suite -->
</testng-results>
