<?xml version="1.0" encoding="UTF-8"?>
<!-- Generated by org.testng.reporters.JUnitXMLReporter -->
<testsuite ignored="1" hostname="DESKTOP-E01NGK9" failures="0" tests="2" name="MyTest2" time="0.051" errors="0" timestamp="2023-04-15T23:56:26 IST">
  <testcase classname="TestOne" name="testTempExample" time="0.012"/>
  <testcase classname="TestOne" name="testOneExample" time="0.001"/>
  <testcase classname="TestTwo" name="testTwoExample" time="0.0">
    <ignored/>
  </testcase> <!-- testTwoExample -->
</testsuite> <!-- MyTest2 -->
