<?xml version="1.0" encoding="UTF-8"?>
<testng-results ignored="0" total="1" passed="1" failed="0" skipped="0">
  <reporter-output>
  </reporter-output>
  <suite started-at="2023-07-06T01:44:38 IST" name="Default suite" finished-at="2023-07-06T01:44:38 IST" duration-ms="70">
    <groups>
    </groups>
    <test started-at="2023-07-06T01:44:38 IST" name="Default test" finished-at="2023-07-06T01:44:38 IST" duration-ms="70">
      <class name="ReadTextData">
        <test-method signature="readTextData()[pri:0, instance:ReadTextData@6d763516]" started-at="2023-07-06T01:44:38 IST" name="readTextData" finished-at="2023-07-06T01:44:38 IST" duration-ms="17" status="PASS">
          <reporter-output>
          </reporter-output>
        </test-method> <!-- readTextData -->
      </class> <!-- ReadTextData -->
    </test> <!-- Default test -->
  </suite> <!-- Default suite -->
</testng-results>
