<?xml version="1.0" encoding="UTF-8"?>
<testng-results ignored="0" total="2" passed="2" failed="0" skipped="0">
  <reporter-output>
  </reporter-output>
  <suite started-at="2023-03-20T21:31:31 IST" name="Default suite" finished-at="2023-03-20T21:31:55 IST" duration-ms="23988">
    <groups>
      <group name="cucumber">
        <method signature="AbstractTestNGCucumberTests.runScenario(io.cucumber.testng.PickleWrapper,io.cucumber.testng.FeatureWrapper)[pri:0, instance:testRunner.TestRunner@71d44a3]" name="runScenario" class="io.cucumber.testng.AbstractTestNGCucumberTests"/>
      </group> <!-- cucumber -->
    </groups>
    <test started-at="2023-03-20T21:31:31 IST" name="Default test" finished-at="2023-03-20T21:31:55 IST" duration-ms="23988">
      <class name="testRunner.TestRunner">
        <test-method is-config="true" signature="setUpClass(org.testng.ITestContext)[pri:0, instance:testRunner.TestRunner@71d44a3]" started-at="2023-03-20T21:31:31 IST" name="setUpClass" finished-at="2023-03-20T21:31:31 IST" duration-ms="823" status="PASS">
          <params>
            <param index="0">
              <value>
                <![CDATA[org.testng.TestRunner@3330f3ad]]>
              </value>
            </param>
          </params>
          <reporter-output>
          </reporter-output>
        </test-method> <!-- setUpClass -->
        <test-method signature="runScenario(io.cucumber.testng.PickleWrapper,io.cucumber.testng.FeatureWrapper)[pri:0, instance:testRunner.TestRunner@71d44a3]" started-at="2023-03-20T21:31:31 IST" name="runScenario" description="Runs Cucumber Scenarios" data-provider="scenarios" finished-at="2023-03-20T21:31:32 IST" duration-ms="173" status="PASS">
          <params>
            <param index="0">
              <value>
                <![CDATA["Test first scenario"]]>
              </value>
            </param>
            <param index="1">
              <value>
                <![CDATA["Test first feature"]]>
              </value>
            </param>
          </params>
          <reporter-output>
          </reporter-output>
        </test-method> <!-- runScenario -->
        <test-method signature="runScenario(io.cucumber.testng.PickleWrapper,io.cucumber.testng.FeatureWrapper)[pri:0, instance:testRunner.TestRunner@71d44a3]" started-at="2023-03-20T21:31:32 IST" name="runScenario" description="Runs Cucumber Scenarios" data-provider="scenarios" finished-at="2023-03-20T21:31:53 IST" duration-ms="20901" status="PASS">
          <params>
            <param index="0">
              <value>
                <![CDATA["Facebook Authentication"]]>
              </value>
            </param>
            <param index="1">
              <value>
                <![CDATA["Test first Selenium feature"]]>
              </value>
            </param>
          </params>
          <reporter-output>
          </reporter-output>
        </test-method> <!-- runScenario -->
        <test-method is-config="true" signature="tearDownClass()[pri:0, instance:testRunner.TestRunner@71d44a3]" started-at="2023-03-20T21:31:53 IST" name="tearDownClass" finished-at="2023-03-20T21:31:55 IST" duration-ms="2016" status="PASS">
          <reporter-output>
          </reporter-output>
        </test-method> <!-- tearDownClass -->
      </class> <!-- testRunner.TestRunner -->
    </test> <!-- Default test -->
  </suite> <!-- Default suite -->
</testng-results>
